12-08-2020 07:35:46 From E:\work\python\tk-14.0-classification\src\identifier\imgnet_feature.py:39: FastGFile.__init__ (from tensorflow.python.platform.gfile) is deprecated and will be removed in a future version.
Instructions for updating:
Use tf.gfile.GFile.
12-08-2020 07:35:46 From E:\work\python\tk-14.0-classification\src\identifier\imgnet_feature.py:40: The name tf.GraphDef is deprecated. Please use tf.compat.v1.GraphDef instead.

12-08-2020 07:35:49 From E:\work\python\tk-14.0-classification\src\identifier\imgnet_feature.py:20: The name tf.ConfigProto is deprecated. Please use tf.compat.v1.ConfigProto instead.

12-08-2020 07:35:49 From E:\work\python\tk-14.0-classification\src\identifier\imgnet_feature.py:22: The name tf.Session is deprecated. Please use tf.compat.v1.Session instead.

12-08-2020 07:35:49 load mxnet model.
12-08-2020 07:35:54 	length of feature 2048    success.
12-08-2020 07:35:56 From E:\work\python\tk-14.0-classification\src\identifier\imgnet_feature.py:50: The name tf.gfile.Exists is deprecated. Please use tf.io.gfile.exists instead.

12-08-2020 07:39:03 collect train data(features) from the raw images
12-08-2020 07:39:03 From E:\work\python\tk-14.0-classification\src\identifier\imgnet_feature.py:39: FastGFile.__init__ (from tensorflow.python.platform.gfile) is deprecated and will be removed in a future version.
Instructions for updating:
Use tf.gfile.GFile.
12-08-2020 07:39:03 From E:\work\python\tk-14.0-classification\src\identifier\imgnet_feature.py:40: The name tf.GraphDef is deprecated. Please use tf.compat.v1.GraphDef instead.

12-08-2020 07:39:04 From E:\work\python\tk-14.0-classification\src\identifier\imgnet_feature.py:20: The name tf.ConfigProto is deprecated. Please use tf.compat.v1.ConfigProto instead.

12-08-2020 07:39:04 From E:\work\python\tk-14.0-classification\src\identifier\imgnet_feature.py:22: The name tf.Session is deprecated. Please use tf.compat.v1.Session instead.

12-08-2020 07:39:04 load mxnet model.
12-08-2020 07:39:07 	length of feature 2048    success.
12-08-2020 07:39:07 From E:\work\python\tk-14.0-classification\src\identifier\imgnet_feature.py:50: The name tf.gfile.Exists is deprecated. Please use tf.io.gfile.exists instead.

12-08-2020 07:39:20  label: American Artillery 1840, counts #: 87
12-08-2020 07:39:36  label: American Cavalry 1840, counts #: 114
12-08-2020 07:40:00  label: American Cavalry 1860, counts #: 178
12-08-2020 07:40:18  label: American Cavalry 1872, counts #: 134
12-08-2020 07:40:22  label: American Cavalry 1902, counts #: 29
12-08-2020 07:40:48  label: American Cavalry 1913, counts #: 178
12-08-2020 07:40:54  label: American Cavalry Eaglehead, counts #: 49
12-08-2020 07:41:00  label: American Fraternal, counts #: 45
12-08-2020 07:41:03  label: American Infantry 1840, counts #: 29
12-08-2020 07:41:10  label: American Infantry 1850, counts #: 48
12-08-2020 07:41:17  label: American Infantry 1860, counts #: 57
12-08-2020 07:41:21  label: American Militia, counts #: 32
12-08-2020 07:41:36  label: American Musician 1840, counts #: 110
12-08-2020 07:42:08  label: American Navy 1852, counts #: 240
12-08-2020 07:42:11  label: American Navy 1860, counts #: 19
12-08-2020 07:42:20  label: Austrian Cavalry 1861, counts #: 70
12-08-2020 07:42:23  label: Austrian Cavalry 1869, counts #: 21
12-08-2020 07:42:38  label: Austrian Cavalry 1904 - Officers, counts #: 105
12-08-2020 07:42:42  label: Austrian Cavalry 1904 - Troopers, counts #: 28
12-08-2020 07:42:46  label: Austrian Court 1889, counts #: 30
12-08-2020 07:43:08  label: Austrian Engineer 1853, counts #: 151
12-08-2020 07:43:12  label: Austrian Infantry 1861, counts #: 33
12-08-2020 07:43:27  label: Bavarian Artillery 1892, counts #: 102
12-08-2020 07:43:36  label: Bavarian Infantry 1855, counts #: 63
12-08-2020 07:43:38  label: Brazilian Cavalry, counts #: 12
12-08-2020 07:43:59  label: British Artillery 1822, counts #: 164
12-08-2020 07:44:24  label: British Cavalry 1853, counts #: 177
12-08-2020 07:44:31  label: British Cavalry 1885, counts #: 48
12-08-2020 07:44:34  label: British Cavalry 1896, counts #: 23
12-08-2020 07:44:51  label: British Cavalry 1899, counts #: 121
12-08-2020 07:44:55  label: British Cavalry 1908, counts #: 28
12-08-2020 07:45:01  label: British Cavalry 1912, counts #: 48
12-08-2020 07:45:10  label: British Court, counts #: 66
12-08-2020 07:45:15  label: British Engineer 1856, counts #: 35
12-08-2020 07:45:19  label: British Engineer 1857, counts #: 31
12-08-2020 07:45:23  label: British Engineer 1897, counts #: 32
12-08-2020 07:45:35  label: British Heavy Cavalry 1796, counts #: 84
12-08-2020 07:45:42  label: British Heavy Cavalry 1821, counts #: 56
12-08-2020 07:45:50  label: British Infantry 1756, counts #: 57
12-08-2020 07:46:02  label: British Infantry 1796, counts #: 91
12-08-2020 07:46:09  label: British Infantry 1803, counts #: 58
12-08-2020 07:46:20  label: British Infantry 1822, counts #: 86
12-08-2020 07:46:45  label: British Infantry 1827, counts #: 205
12-08-2020 07:47:10  label: British Infantry 1845, counts #: 194
12-08-2020 07:47:16  label: British Infantry 1854, counts #: 48
12-08-2020 07:47:23  label: British Infantry 1895, counts #: 58
12-08-2020 07:47:56  label: British Infantry 1897, counts #: 268
12-08-2020 07:48:02  label: British Light Cavalry 1788, counts #: 41
12-08-2020 07:48:30  label: British Light Cavalry 1796, counts #: 224
12-08-2020 07:48:45  label: British Light Cavalry 1821, counts #: 115
12-08-2020 07:48:48  label: British Medical 1892, counts #: 27
12-08-2020 07:48:59  label: British Musician 1856, counts #: 84
12-08-2020 07:49:02  label: British Navy 1805, counts #: 21
12-08-2020 07:49:07  label: British Navy 1827, counts #: 37
12-08-2020 07:49:25  label: British Navy 1846, counts #: 144
12-08-2020 07:49:29  label: British Police, counts #: 33
12-08-2020 07:49:51  label: French Cavalry 1896, counts #: 156
12-08-2020 07:49:53  label: French Heavy Cavalry 1854, counts #: 20
12-08-2020 07:50:09  label: French Infantry 1767, counts #: 100
12-08-2020 07:50:12  label: French Infantry 1831, counts #: 23
12-08-2020 07:51:03  label: French Infantry 1845, counts #: 366
12-08-2020 07:51:44  label: French Infantry 1882, counts #: 284
12-08-2020 07:51:46  label: French Light Cavalry AN XI, counts #: 12
12-08-2020 07:51:58  label: Saxon Infantry IOS 1867, counts #: 94
12-08-2020 07:52:05  label: Swedish Cavalry 1867 - Troopers, counts #: 48
12-08-2020 07:52:24  label: Swedish Cavalry 1893 - Troopers, counts #: 134
12-08-2020 07:58:29 >>> train 
12-08-2020 07:58:29 load feature and labels
12-08-2020 07:58:29  loading training labels ...
12-08-2020 07:58:29  loading training data ...
12-08-2020 07:58:41  training... 
12-08-2020 08:05:40 >>> finished the training!
12-08-2020 08:45:08 >>> checking the precision... 
12-08-2020 08:45:08 load feature and labels
12-08-2020 08:45:08  loading training labels ...
12-08-2020 08:45:08  loading training data ...
12-08-2020 08:46:29 >>> precision result
12-08-2020 08:46:29 	positive : (true) 5759
12-08-2020 08:46:29 	negative : (false)146
12-08-2020 08:46:29 	precision : 5759 / 5905 : 97.53%
12-08-2020 08:51:05 load mxnet model.
12-08-2020 08:51:08 	length of feature 2048    success.
12-08-2020 08:51:09 >>> checking the precision... 
12-08-2020 08:51:09 load feature and labels
12-08-2020 08:51:09  loading training labels ...
12-08-2020 08:51:09  loading training data ...
14-08-2020 16:30:01 collect train data(features) from the raw images
14-08-2020 16:30:01 From E:\work\python\tk-14.0-classification\src\identifier\imgnet_feature.py:39: FastGFile.__init__ (from tensorflow.python.platform.gfile) is deprecated and will be removed in a future version.
Instructions for updating:
Use tf.gfile.GFile.
14-08-2020 16:30:01 From E:\work\python\tk-14.0-classification\src\identifier\imgnet_feature.py:40: The name tf.GraphDef is deprecated. Please use tf.compat.v1.GraphDef instead.

14-08-2020 16:30:02 From E:\work\python\tk-14.0-classification\src\identifier\imgnet_feature.py:20: The name tf.ConfigProto is deprecated. Please use tf.compat.v1.ConfigProto instead.

14-08-2020 16:30:02 From E:\work\python\tk-14.0-classification\src\identifier\imgnet_feature.py:22: The name tf.Session is deprecated. Please use tf.compat.v1.Session instead.

14-08-2020 16:30:02 load mxnet model.
14-08-2020 16:30:06 	length of feature 2048    success.
14-08-2020 16:30:06 From E:\work\python\tk-14.0-classification\src\identifier\imgnet_feature.py:50: The name tf.gfile.Exists is deprecated. Please use tf.io.gfile.exists instead.

14-08-2020 16:35:28 collect train data(features) from the raw images
14-08-2020 16:35:28 From E:\work\python\tk-14.0-classification\src\identifier\imgnet_feature.py:39: FastGFile.__init__ (from tensorflow.python.platform.gfile) is deprecated and will be removed in a future version.
Instructions for updating:
Use tf.gfile.GFile.
14-08-2020 16:35:28 From E:\work\python\tk-14.0-classification\src\identifier\imgnet_feature.py:40: The name tf.GraphDef is deprecated. Please use tf.compat.v1.GraphDef instead.

14-08-2020 16:35:28 From E:\work\python\tk-14.0-classification\src\identifier\imgnet_feature.py:20: The name tf.ConfigProto is deprecated. Please use tf.compat.v1.ConfigProto instead.

14-08-2020 16:35:28 From E:\work\python\tk-14.0-classification\src\identifier\imgnet_feature.py:22: The name tf.Session is deprecated. Please use tf.compat.v1.Session instead.

14-08-2020 16:35:28 load mxnet model.
14-08-2020 16:35:32 	length of feature 2048    success.
14-08-2020 16:35:32 From E:\work\python\tk-14.0-classification\src\identifier\imgnet_feature.py:50: The name tf.gfile.Exists is deprecated. Please use tf.io.gfile.exists instead.

14-08-2020 16:35:44  label: American Artillery 1840, counts #: 87
14-08-2020 16:35:59  label: American Cavalry 1840, counts #: 114
14-08-2020 16:36:23  label: American Cavalry 1860, counts #: 178
14-08-2020 16:36:41  label: American Cavalry 1872, counts #: 134
14-08-2020 16:36:45  label: American Cavalry 1902, counts #: 29
14-08-2020 16:37:11  label: American Cavalry 1913, counts #: 178
14-08-2020 16:37:17  label: American Cavalry Eaglehead, counts #: 49
14-08-2020 16:37:23  label: American Fraternal, counts #: 45
14-08-2020 16:37:26  label: American Infantry 1840, counts #: 29
14-08-2020 16:37:32  label: American Infantry 1850, counts #: 48
